<?xml version="1.0" encoding="UTF-8"?>
<testsuite xmlns:xsi="http://www.w3.org/2001/XMLSchema-instance" xsi:noNamespaceSchemaLocation="https://maven.apache.org/surefire/maven-surefire-plugin/xsd/surefire-test-report-3.0.xsd" version="3.0" name="com.Knowvex.KnowvexApplicationTests" time="2.611" tests="1" errors="0" skipped="0" failures="0">
  <properties>
[...]
</properties>
  <testcase name="contextLoads" classname="com.Knowvex.KnowvexApplicationTests" time="0.276">
    <system-out><![CDATA[23:08:12.119 [main] INFO org.springframework.test.context.support.AnnotationConfigContextLoaderUtils -- Could not detect default configuration classes for test class [com.Knowvex.KnowvexApplicationTests]: KnowvexApplicationTests does not declare any static, non-private, non-final, nested classes annotated with @Configuration.
23:08:12.155 [main] INFO org.springframework.boot.test.context.SpringBootTestContextBootstrapper -- Found @SpringBootConfiguration com.Knowvex.KnowvexApplication for test class com.Knowvex.KnowvexApplicationTests

  .   ____          _            __ _ _
 /\\ / ___'_ __ _ _(_)_ __  __ _ \ \ \ \
( ( )\___ | '_ | '_| | '_ \/ _` | \ \ \ \
 \\/  ___)| |_)| | | | | || (_| |  ) ) ) )
  '  |____| .__|_| |_|_| |_\__, | / / / /
 =========|_|==============|___/=/_/_/_/

 :: Spring Boot ::                (v3.3.3)

2024-09-07T23:08:12.291+05:30  INFO 6408 --- [Knowvex] [           main] com.Knowvex.KnowvexApplicationTests      : Starting KnowvexApplicationTests using Java 17.0.8 with PID 6408 (started by AshishKumar in /Users/AshishKumar/KnownVex)
2024-09-07T23:08:12.292+05:30  INFO 6408 --- [Knowvex] [           main] com.Knowvex.KnowvexApplicationTests      : No active profile set, falling back to 1 default profile: "default"
2024-09-07T23:08:12.570+05:30  INFO 6408 --- [Knowvex] [           main] .s.d.r.c.RepositoryConfigurationDelegate : Bootstrapping Spring Data JPA repositories in DEFAULT mode.
2024-09-07T23:08:12.590+05:30  INFO 6408 --- [Knowvex] [           main] .s.d.r.c.RepositoryConfigurationDelegate : Finished Spring Data repository scanning in 17 ms. Found 3 JPA repository interfaces.
2024-09-07T23:08:12.771+05:30  INFO 6408 --- [Knowvex] [           main] o.hibernate.jpa.internal.util.LogHelper  : HHH000204: Processing PersistenceUnitInfo [name: default]
2024-09-07T23:08:12.798+05:30  INFO 6408 --- [Knowvex] [           main] org.hibernate.Version                    : HHH000412: Hibernate ORM core version 6.5.2.Final
2024-09-07T23:08:12.809+05:30  INFO 6408 --- [Knowvex] [           main] o.h.c.internal.RegionFactoryInitiator    : HHH000026: Second-level cache disabled
2024-09-07T23:08:12.927+05:30  INFO 6408 --- [Knowvex] [           main] o.s.o.j.p.SpringPersistenceUnitInfo      : No LoadTimeWeaver setup: ignoring JPA class transformer
2024-09-07T23:08:12.937+05:30  INFO 6408 --- [Knowvex] [           main] com.zaxxer.hikari.HikariDataSource       : HikariPool-1 - Starting...
2024-09-07T23:08:13.008+05:30  INFO 6408 --- [Knowvex] [           main] com.zaxxer.hikari.pool.HikariPool        : HikariPool-1 - Added connection org.postgresql.jdbc.PgConnection@4fa5cc73
2024-09-07T23:08:13.008+05:30  INFO 6408 --- [Knowvex] [           main] com.zaxxer.hikari.HikariDataSource       : HikariPool-1 - Start completed.
2024-09-07T23:08:13.033+05:30  WARN 6408 --- [Knowvex] [           main] org.hibernate.orm.deprecation            : HHH90000025: PostgreSQLDialect does not need to be specified explicitly using 'hibernate.dialect' (remove the property setting and it will be selected by default)
2024-09-07T23:08:13.389+05:30  INFO 6408 --- [Knowvex] [           main] o.h.e.t.j.p.i.JtaPlatformInitiator       : HHH000489: No JTA platform available (set 'hibernate.transaction.jta.platform' to enable JTA platform integration)
2024-09-07T23:08:13.415+05:30  INFO 6408 --- [Knowvex] [           main] j.LocalContainerEntityManagerFactoryBean : Initialized JPA EntityManagerFactory for persistence unit 'default'
2024-09-07T23:08:13.652+05:30  WARN 6408 --- [Knowvex] [           main] JpaBaseConfiguration$JpaWebConfiguration : spring.jpa.open-in-view is enabled by default. Therefore, database queries may be performed during view rendering. Explicitly configure spring.jpa.open-in-view to disable this warning
2024-09-07T23:08:14.379+05:30  INFO 6408 --- [Knowvex] [           main] com.Knowvex.KnowvexApplicationTests      : Started KnowvexApplicationTests in 2.174 seconds (process running for 2.61)
]]></system-out>
  </testcase>
</testsuite>